D, [2018-01-08T22:04:13.402215 #18256] DEBUG -- :   [1m[35m (0.2ms)[0m  [1m[34mSELECT sqlite_version(*)[0m
D, [2018-01-08T22:04:13.407622 #18256] DEBUG -- :   [1m[35m (5.1ms)[0m  [1m[35mCREATE TABLE "channels" ("id" INTEGER PRIMARY KEY AUTOINCREMENT NOT NULL, "channel_id" varchar, "language" varchar, "created_at" datetime NOT NULL, "updated_at" datetime NOT NULL)[0m
D, [2018-01-08T22:04:13.414849 #18256] DEBUG -- :   [1m[35m (6.1ms)[0m  [1m[35mCREATE UNIQUE INDEX "index_channels_on_channel_id" ON "channels" ("channel_id")[0m
D, [2018-01-08T22:04:13.458370 #18256] DEBUG -- :   [1m[35m (4.3ms)[0m  [1m[35mCREATE TABLE "ar_internal_metadata" ("key" varchar NOT NULL PRIMARY KEY, "value" varchar, "created_at" datetime NOT NULL, "updated_at" datetime NOT NULL)[0m
D, [2018-01-08T22:04:13.472492 #18256] DEBUG -- :   [1m[36mActiveRecord::InternalMetadata Load (0.2ms)[0m  [1m[34mSELECT  "ar_internal_metadata".* FROM "ar_internal_metadata" WHERE "ar_internal_metadata"."key" = ? LIMIT ?[0m  [["key", "environment"], ["LIMIT", 1]]
D, [2018-01-08T22:04:13.479045 #18256] DEBUG -- :   [1m[35m (0.1ms)[0m  [1m[36mbegin transaction[0m
D, [2018-01-08T22:04:13.480380 #18256] DEBUG -- :   [1m[35mSQL (0.2ms)[0m  [1m[32mINSERT INTO "ar_internal_metadata" ("key", "value", "created_at", "updated_at") VALUES (?, ?, ?, ?)[0m  [["key", "environment"], ["value", "default_env"], ["created_at", "2018-01-08 21:04:13.479387"], ["updated_at", "2018-01-08 21:04:13.479387"]]
D, [2018-01-08T22:04:13.485508 #18256] DEBUG -- :   [1m[35m (4.8ms)[0m  [1m[36mcommit transaction[0m
D, [2018-01-08T22:07:21.538217 #18848] DEBUG -- :   [1m[36mActiveRecord::InternalMetadata Load (0.2ms)[0m  [1m[34mSELECT  "ar_internal_metadata".* FROM "ar_internal_metadata" WHERE "ar_internal_metadata"."key" = ? LIMIT ?[0m  [["key", "environment"], ["LIMIT", 1]]
D, [2018-01-08T22:07:21.544902 #18848] DEBUG -- :   [1m[35m (0.1ms)[0m  [1m[36mbegin transaction[0m
D, [2018-01-08T22:07:21.546831 #18848] DEBUG -- :   [1m[35m (0.1ms)[0m  [1m[36mcommit transaction[0m
D, [2018-01-08T22:12:49.021972 #19879] DEBUG -- :   [1m[36mActiveRecord::InternalMetadata Load (0.2ms)[0m  [1m[34mSELECT  "ar_internal_metadata".* FROM "ar_internal_metadata" WHERE "ar_internal_metadata"."key" = ? LIMIT ?[0m  [["key", "environment"], ["LIMIT", 1]]
D, [2018-01-08T22:12:49.026191 #19879] DEBUG -- :   [1m[35m (0.1ms)[0m  [1m[36mbegin transaction[0m
D, [2018-01-08T22:12:49.027008 #19879] DEBUG -- :   [1m[35m (0.0ms)[0m  [1m[36mcommit transaction[0m
D, [2018-01-08T22:13:00.151493 #19879] DEBUG -- :   [1m[36mChannel Load (0.3ms)[0m  [1m[34mSELECT  "channels".* FROM "channels" LIMIT ?[0m  [["LIMIT", 11]]
D, [2018-01-08T22:14:59.350295 #20229] DEBUG -- :   [1m[36mActiveRecord::InternalMetadata Load (0.2ms)[0m  [1m[34mSELECT  "ar_internal_metadata".* FROM "ar_internal_metadata" WHERE "ar_internal_metadata"."key" = ? LIMIT ?[0m  [["key", "environment"], ["LIMIT", 1]]
D, [2018-01-08T22:14:59.354688 #20229] DEBUG -- :   [1m[35m (0.0ms)[0m  [1m[36mbegin transaction[0m
D, [2018-01-08T22:14:59.355494 #20229] DEBUG -- :   [1m[35m (0.0ms)[0m  [1m[36mcommit transaction[0m
D, [2018-01-08T22:15:02.686151 #20229] DEBUG -- :   [1m[35m (0.1ms)[0m  [1m[36mbegin transaction[0m
D, [2018-01-08T22:15:02.687660 #20229] DEBUG -- :   [1m[35mSQL (0.4ms)[0m  [1m[32mINSERT INTO "channels" ("created_at", "updated_at") VALUES (?, ?)[0m  [["created_at", "2018-01-08 21:15:02.686358"], ["updated_at", "2018-01-08 21:15:02.686358"]]
D, [2018-01-08T22:15:02.692676 #20229] DEBUG -- :   [1m[35m (4.7ms)[0m  [1m[36mcommit transaction[0m
D, [2018-01-08T22:15:10.111393 #20229] DEBUG -- :   [1m[36mChannel Load (0.4ms)[0m  [1m[34mSELECT  "channels".* FROM "channels" ORDER BY "channels"."id" DESC LIMIT ?[0m  [["LIMIT", 1]]
D, [2018-01-08T22:15:10.112094 #20229] DEBUG -- :   [1m[35m (0.1ms)[0m  [1m[36mbegin transaction[0m
D, [2018-01-08T22:15:10.113828 #20229] DEBUG -- :   [1m[35mSQL (0.4ms)[0m  [1m[31mDELETE FROM "channels" WHERE "channels"."id" = ?[0m  [["id", 1]]
D, [2018-01-08T22:15:10.119583 #20229] DEBUG -- :   [1m[35m (5.3ms)[0m  [1m[36mcommit transaction[0m
D, [2018-01-08T22:16:43.923611 #20589] DEBUG -- :   [1m[35m (0.1ms)[0m  [1m[34mSELECT sqlite_version(*)[0m
D, [2018-01-08T22:16:43.930361 #20589] DEBUG -- :   [1m[35m (6.5ms)[0m  [1m[35mCREATE TABLE "channels" ("id" INTEGER PRIMARY KEY AUTOINCREMENT NOT NULL, "channel_id" varchar, "language" varchar, "created_at" datetime NOT NULL, "updated_at" datetime NOT NULL)[0m
D, [2018-01-08T22:16:43.938659 #20589] DEBUG -- :   [1m[35m (7.2ms)[0m  [1m[35mCREATE UNIQUE INDEX "index_channels_on_channel_id" ON "channels" ("channel_id")[0m
D, [2018-01-08T22:16:43.979049 #20589] DEBUG -- :   [1m[35m (7.6ms)[0m  [1m[35mCREATE TABLE "ar_internal_metadata" ("key" varchar NOT NULL PRIMARY KEY, "value" varchar, "created_at" datetime NOT NULL, "updated_at" datetime NOT NULL)[0m
D, [2018-01-08T22:16:43.991943 #20589] DEBUG -- :   [1m[36mActiveRecord::InternalMetadata Load (0.2ms)[0m  [1m[34mSELECT  "ar_internal_metadata".* FROM "ar_internal_metadata" WHERE "ar_internal_metadata"."key" = ? LIMIT ?[0m  [["key", "environment"], ["LIMIT", 1]]
D, [2018-01-08T22:16:43.997757 #20589] DEBUG -- :   [1m[35m (0.1ms)[0m  [1m[36mbegin transaction[0m
D, [2018-01-08T22:16:43.999056 #20589] DEBUG -- :   [1m[35mSQL (0.2ms)[0m  [1m[32mINSERT INTO "ar_internal_metadata" ("key", "value", "created_at", "updated_at") VALUES (?, ?, ?, ?)[0m  [["key", "environment"], ["value", "default_env"], ["created_at", "2018-01-08 21:16:43.998129"], ["updated_at", "2018-01-08 21:16:43.998129"]]
D, [2018-01-08T22:16:44.003041 #20589] DEBUG -- :   [1m[35m (3.7ms)[0m  [1m[36mcommit transaction[0m
D, [2018-01-08T22:19:01.828272 #21031] DEBUG -- :   [1m[36mActiveRecord::InternalMetadata Load (0.2ms)[0m  [1m[34mSELECT  "ar_internal_metadata".* FROM "ar_internal_metadata" WHERE "ar_internal_metadata"."key" = ? LIMIT ?[0m  [["key", "environment"], ["LIMIT", 1]]
D, [2018-01-08T22:19:01.832764 #21031] DEBUG -- :   [1m[35m (0.0ms)[0m  [1m[36mbegin transaction[0m
D, [2018-01-08T22:19:01.833485 #21031] DEBUG -- :   [1m[35m (0.0ms)[0m  [1m[36mcommit transaction[0m
D, [2018-01-08T22:22:00.780604 #21666] DEBUG -- :   [1m[36mActiveRecord::InternalMetadata Load (0.2ms)[0m  [1m[34mSELECT  "ar_internal_metadata".* FROM "ar_internal_metadata" WHERE "ar_internal_metadata"."key" = ? LIMIT ?[0m  [["key", "environment"], ["LIMIT", 1]]
D, [2018-01-08T22:22:00.785510 #21666] DEBUG -- :   [1m[35m (0.1ms)[0m  [1m[36mbegin transaction[0m
D, [2018-01-08T22:22:00.786408 #21666] DEBUG -- :   [1m[35m (0.0ms)[0m  [1m[36mcommit transaction[0m
D, [2018-01-08T22:22:29.817559 #21849] DEBUG -- :   [1m[36mActiveRecord::InternalMetadata Load (0.1ms)[0m  [1m[34mSELECT  "ar_internal_metadata".* FROM "ar_internal_metadata" WHERE "ar_internal_metadata"."key" = ? LIMIT ?[0m  [["key", "environment"], ["LIMIT", 1]]
D, [2018-01-08T22:22:29.821922 #21849] DEBUG -- :   [1m[35m (0.0ms)[0m  [1m[36mbegin transaction[0m
D, [2018-01-08T22:22:29.822771 #21849] DEBUG -- :   [1m[35m (0.0ms)[0m  [1m[36mcommit transaction[0m
D, [2018-01-08T22:23:46.955894 #22108] DEBUG -- :   [1m[35m (0.1ms)[0m  [1m[34mSELECT sqlite_version(*)[0m
D, [2018-01-08T22:23:46.962540 #22108] DEBUG -- :   [1m[35m (6.4ms)[0m  [1m[35mCREATE TABLE "channels" ("id" INTEGER PRIMARY KEY AUTOINCREMENT NOT NULL, "channel_id" varchar, "language" integer DEFAULT 0 NOT NULL, "created_at" datetime NOT NULL, "updated_at" datetime NOT NULL)[0m
D, [2018-01-08T22:23:46.968120 #22108] DEBUG -- :   [1m[35m (4.5ms)[0m  [1m[35mCREATE UNIQUE INDEX "index_channels_on_channel_id" ON "channels" ("channel_id")[0m
D, [2018-01-08T22:23:47.004900 #22108] DEBUG -- :   [1m[35m (4.9ms)[0m  [1m[35mCREATE TABLE "ar_internal_metadata" ("key" varchar NOT NULL PRIMARY KEY, "value" varchar, "created_at" datetime NOT NULL, "updated_at" datetime NOT NULL)[0m
D, [2018-01-08T22:23:47.016849 #22108] DEBUG -- :   [1m[36mActiveRecord::InternalMetadata Load (0.2ms)[0m  [1m[34mSELECT  "ar_internal_metadata".* FROM "ar_internal_metadata" WHERE "ar_internal_metadata"."key" = ? LIMIT ?[0m  [["key", "environment"], ["LIMIT", 1]]
D, [2018-01-08T22:23:47.021186 #22108] DEBUG -- :   [1m[35m (0.0ms)[0m  [1m[36mbegin transaction[0m
D, [2018-01-08T22:23:47.022426 #22108] DEBUG -- :   [1m[35mSQL (0.3ms)[0m  [1m[32mINSERT INTO "ar_internal_metadata" ("key", "value", "created_at", "updated_at") VALUES (?, ?, ?, ?)[0m  [["key", "environment"], ["value", "default_env"], ["created_at", "2018-01-08 21:23:47.021484"], ["updated_at", "2018-01-08 21:23:47.021484"]]
D, [2018-01-08T22:23:47.026484 #22108] DEBUG -- :   [1m[35m (3.7ms)[0m  [1m[36mcommit transaction[0m
D, [2018-01-08T22:25:33.277019 #22503] DEBUG -- :   [1m[36mActiveRecord::InternalMetadata Load (0.2ms)[0m  [1m[34mSELECT  "ar_internal_metadata".* FROM "ar_internal_metadata" WHERE "ar_internal_metadata"."key" = ? LIMIT ?[0m  [["key", "environment"], ["LIMIT", 1]]
D, [2018-01-08T22:25:33.281825 #22503] DEBUG -- :   [1m[35m (0.1ms)[0m  [1m[36mbegin transaction[0m
D, [2018-01-08T22:25:33.282726 #22503] DEBUG -- :   [1m[35m (0.1ms)[0m  [1m[36mcommit transaction[0m
D, [2018-01-08T22:27:11.719688 #22927] DEBUG -- :   [1m[36mActiveRecord::InternalMetadata Load (0.1ms)[0m  [1m[34mSELECT  "ar_internal_metadata".* FROM "ar_internal_metadata" WHERE "ar_internal_metadata"."key" = ? LIMIT ?[0m  [["key", "environment"], ["LIMIT", 1]]
D, [2018-01-08T22:27:11.723906 #22927] DEBUG -- :   [1m[35m (0.0ms)[0m  [1m[36mbegin transaction[0m
D, [2018-01-08T22:27:11.724616 #22927] DEBUG -- :   [1m[35m (0.0ms)[0m  [1m[36mcommit transaction[0m
D, [2018-01-08T22:27:18.024042 #22927] DEBUG -- :   [1m[36mChannel Load (0.3ms)[0m  [1m[34mSELECT  "channels".* FROM "channels" WHERE "channels"."channel_id" = ? LIMIT ?[0m  [["channel_id", "96484791083364352"], ["LIMIT", 1]]
D, [2018-01-08T22:27:18.031977 #22927] DEBUG -- :   [1m[35m (0.1ms)[0m  [1m[36mbegin transaction[0m
D, [2018-01-08T22:27:18.033186 #22927] DEBUG -- :   [1m[35mSQL (0.3ms)[0m  [1m[32mINSERT INTO "channels" ("channel_id", "created_at", "updated_at") VALUES (?, ?, ?)[0m  [["channel_id", "96484791083364352"], ["created_at", "2018-01-08 21:27:18.032154"], ["updated_at", "2018-01-08 21:27:18.032154"]]
D, [2018-01-08T22:27:18.038345 #22927] DEBUG -- :   [1m[35m (4.9ms)[0m  [1m[36mcommit transaction[0m
D, [2018-01-08T22:27:27.247655 #22927] DEBUG -- :   [1m[36mChannel Load (0.3ms)[0m  [1m[34mSELECT  "channels".* FROM "channels" WHERE "channels"."channel_id" = ? LIMIT ?[0m  [["channel_id", "96484791083364352"], ["LIMIT", 1]]
D, [2018-01-08T22:28:26.599272 #23199] DEBUG -- :   [1m[36mActiveRecord::InternalMetadata Load (0.2ms)[0m  [1m[34mSELECT  "ar_internal_metadata".* FROM "ar_internal_metadata" WHERE "ar_internal_metadata"."key" = ? LIMIT ?[0m  [["key", "environment"], ["LIMIT", 1]]
D, [2018-01-08T22:28:26.604135 #23199] DEBUG -- :   [1m[35m (0.1ms)[0m  [1m[36mbegin transaction[0m
D, [2018-01-08T22:28:26.605046 #23199] DEBUG -- :   [1m[35m (0.1ms)[0m  [1m[36mcommit transaction[0m
D, [2018-01-08T22:28:45.569886 #23234] DEBUG -- :   [1m[36mActiveRecord::InternalMetadata Load (0.1ms)[0m  [1m[34mSELECT  "ar_internal_metadata".* FROM "ar_internal_metadata" WHERE "ar_internal_metadata"."key" = ? LIMIT ?[0m  [["key", "environment"], ["LIMIT", 1]]
D, [2018-01-08T22:28:45.574202 #23234] DEBUG -- :   [1m[35m (0.1ms)[0m  [1m[36mbegin transaction[0m
D, [2018-01-08T22:28:45.575024 #23234] DEBUG -- :   [1m[35m (0.0ms)[0m  [1m[36mcommit transaction[0m
D, [2018-01-08T22:28:48.822729 #23234] DEBUG -- :   [1m[36mChannel Load (0.3ms)[0m  [1m[34mSELECT  "channels".* FROM "channels" WHERE "channels"."channel_id" = ? LIMIT ?[0m  [["channel_id", "96484791083364352"], ["LIMIT", 1]]
D, [2018-01-08T22:29:13.789116 #23427] DEBUG -- :   [1m[36mActiveRecord::InternalMetadata Load (0.2ms)[0m  [1m[34mSELECT  "ar_internal_metadata".* FROM "ar_internal_metadata" WHERE "ar_internal_metadata"."key" = ? LIMIT ?[0m  [["key", "environment"], ["LIMIT", 1]]
D, [2018-01-08T22:29:13.794149 #23427] DEBUG -- :   [1m[35m (0.1ms)[0m  [1m[36mbegin transaction[0m
D, [2018-01-08T22:29:13.795047 #23427] DEBUG -- :   [1m[35m (0.1ms)[0m  [1m[36mcommit transaction[0m
D, [2018-01-08T22:29:17.170775 #23427] DEBUG -- :   [1m[36mChannel Load (0.2ms)[0m  [1m[34mSELECT  "channels".* FROM "channels" WHERE "channels"."channel_id" = ? LIMIT ?[0m  [["channel_id", "96484791083364352"], ["LIMIT", 1]]
D, [2018-01-08T22:32:17.106614 #24000] DEBUG -- :   [1m[36mActiveRecord::InternalMetadata Load (0.2ms)[0m  [1m[34mSELECT  "ar_internal_metadata".* FROM "ar_internal_metadata" WHERE "ar_internal_metadata"."key" = ? LIMIT ?[0m  [["key", "environment"], ["LIMIT", 1]]
D, [2018-01-08T22:32:17.111445 #24000] DEBUG -- :   [1m[35m (0.1ms)[0m  [1m[36mbegin transaction[0m
D, [2018-01-08T22:32:17.112297 #24000] DEBUG -- :   [1m[35m (0.0ms)[0m  [1m[36mcommit transaction[0m
D, [2018-01-08T22:32:25.904185 #24000] DEBUG -- :   [1m[36mChannel Load (0.3ms)[0m  [1m[34mSELECT  "channels".* FROM "channels" WHERE "channels"."channel_id" = ? LIMIT ?[0m  [["channel_id", "96484791083364352"], ["LIMIT", 1]]
D, [2018-01-08T22:34:42.498356 #24513] DEBUG -- :   [1m[36mActiveRecord::InternalMetadata Load (0.2ms)[0m  [1m[34mSELECT  "ar_internal_metadata".* FROM "ar_internal_metadata" WHERE "ar_internal_metadata"."key" = ? LIMIT ?[0m  [["key", "environment"], ["LIMIT", 1]]
D, [2018-01-08T22:34:42.502624 #24513] DEBUG -- :   [1m[35m (0.1ms)[0m  [1m[36mbegin transaction[0m
D, [2018-01-08T22:34:42.503428 #24513] DEBUG -- :   [1m[35m (0.0ms)[0m  [1m[36mcommit transaction[0m
D, [2018-01-08T22:34:45.941188 #24513] DEBUG -- :   [1m[36mChannel Load (0.1ms)[0m  [1m[34mSELECT  "channels".* FROM "channels" WHERE "channels"."channel_id" = ? LIMIT ?[0m  [["channel_id", "96484791083364352"], ["LIMIT", 1]]
D, [2018-01-08T22:34:51.485153 #24513] DEBUG -- :   [1m[35m (0.1ms)[0m  [1m[36mbegin transaction[0m
D, [2018-01-08T22:34:51.487662 #24513] DEBUG -- :   [1m[35mSQL (0.3ms)[0m  [1m[33mUPDATE "channels" SET "language" = ?, "updated_at" = ? WHERE "channels"."id" = ?[0m  [["language", 1], ["updated_at", "2018-01-08 21:34:51.485986"], ["id", 1]]
D, [2018-01-08T22:34:51.492826 #24513] DEBUG -- :   [1m[35m (4.7ms)[0m  [1m[36mcommit transaction[0m
D, [2018-01-08T22:34:57.719666 #24513] DEBUG -- :   [1m[36mChannel Load (0.2ms)[0m  [1m[34mSELECT  "channels".* FROM "channels" WHERE "channels"."channel_id" = ? LIMIT ?[0m  [["channel_id", "96484791083364352"], ["LIMIT", 1]]
D, [2018-01-08T22:35:03.329096 #24513] DEBUG -- :   [1m[35m (0.1ms)[0m  [1m[36mbegin transaction[0m
D, [2018-01-08T22:35:03.331357 #24513] DEBUG -- :   [1m[35mSQL (0.4ms)[0m  [1m[33mUPDATE "channels" SET "language" = ?, "updated_at" = ? WHERE "channels"."id" = ?[0m  [["language", 0], ["updated_at", "2018-01-08 21:35:03.329727"], ["id", 1]]
D, [2018-01-08T22:35:03.339210 #24513] DEBUG -- :   [1m[35m (7.4ms)[0m  [1m[36mcommit transaction[0m
D, [2018-01-08T22:40:00.895843 #25594] DEBUG -- :   [1m[36mActiveRecord::InternalMetadata Load (0.2ms)[0m  [1m[34mSELECT  "ar_internal_metadata".* FROM "ar_internal_metadata" WHERE "ar_internal_metadata"."key" = ? LIMIT ?[0m  [["key", "environment"], ["LIMIT", 1]]
D, [2018-01-08T22:40:00.900043 #25594] DEBUG -- :   [1m[35m (0.0ms)[0m  [1m[36mbegin transaction[0m
D, [2018-01-08T22:40:00.900780 #25594] DEBUG -- :   [1m[35m (0.0ms)[0m  [1m[36mcommit transaction[0m
D, [2018-01-08T22:40:05.951652 #25594] DEBUG -- :   [1m[36mChannel Load (0.2ms)[0m  [1m[34mSELECT  "channels".* FROM "channels" WHERE "channels"."channel_id" = ? LIMIT ?[0m  [["channel_id", "96484791083364352"], ["LIMIT", 1]]
D, [2018-01-08T22:40:05.959526 #25594] DEBUG -- :   [1m[35m (0.1ms)[0m  [1m[36mbegin transaction[0m
D, [2018-01-08T22:40:05.961314 #25594] DEBUG -- :   [1m[35mSQL (0.3ms)[0m  [1m[33mUPDATE "channels" SET "language" = ?, "updated_at" = ? WHERE "channels"."id" = ?[0m  [["language", 1], ["updated_at", "2018-01-08 21:40:05.959972"], ["id", 1]]
D, [2018-01-08T22:40:05.966413 #25594] DEBUG -- :   [1m[35m (4.7ms)[0m  [1m[36mcommit transaction[0m
D, [2018-01-08T22:40:11.880836 #25594] DEBUG -- :   [1m[36mChannel Load (0.3ms)[0m  [1m[34mSELECT  "channels".* FROM "channels" WHERE "channels"."channel_id" = ? LIMIT ?[0m  [["channel_id", "96484791083364352"], ["LIMIT", 1]]
D, [2018-01-08T22:40:11.881384 #25594] DEBUG -- :   [1m[35m (0.1ms)[0m  [1m[36mbegin transaction[0m
D, [2018-01-08T22:40:11.882654 #25594] DEBUG -- :   [1m[35m (0.1ms)[0m  [1m[36mcommit transaction[0m
D, [2018-01-08T22:40:17.920262 #25594] DEBUG -- :   [1m[36mChannel Load (0.2ms)[0m  [1m[34mSELECT  "channels".* FROM "channels" WHERE "channels"."channel_id" = ? LIMIT ?[0m  [["channel_id", "96484791083364352"], ["LIMIT", 1]]
D, [2018-01-08T22:40:17.920701 #25594] DEBUG -- :   [1m[35m (0.1ms)[0m  [1m[36mbegin transaction[0m
D, [2018-01-08T22:40:17.922427 #25594] DEBUG -- :   [1m[35mSQL (0.4ms)[0m  [1m[33mUPDATE "channels" SET "language" = ?, "updated_at" = ? WHERE "channels"."id" = ?[0m  [["language", 0], ["updated_at", "2018-01-08 21:40:17.921081"], ["id", 1]]
D, [2018-01-08T22:40:17.930428 #25594] DEBUG -- :   [1m[35m (7.5ms)[0m  [1m[36mcommit transaction[0m
D, [2018-01-08T22:42:19.953989 #26143] DEBUG -- :   [1m[36mActiveRecord::InternalMetadata Load (0.2ms)[0m  [1m[34mSELECT  "ar_internal_metadata".* FROM "ar_internal_metadata" WHERE "ar_internal_metadata"."key" = ? LIMIT ?[0m  [["key", "environment"], ["LIMIT", 1]]
D, [2018-01-08T22:42:19.958822 #26143] DEBUG -- :   [1m[35m (0.1ms)[0m  [1m[36mbegin transaction[0m
D, [2018-01-08T22:42:19.959668 #26143] DEBUG -- :   [1m[35m (0.0ms)[0m  [1m[36mcommit transaction[0m
D, [2018-01-08T22:42:23.470851 #26143] DEBUG -- :   [1m[36mChannel Load (0.2ms)[0m  [1m[34mSELECT  "channels".* FROM "channels" WHERE "channels"."channel_id" = ? LIMIT ?[0m  [["channel_id", "96484791083364352"], ["LIMIT", 1]]
D, [2018-01-08T22:42:23.479230 #26143] DEBUG -- :   [1m[35m (0.1ms)[0m  [1m[36mbegin transaction[0m
D, [2018-01-08T22:42:23.481331 #26143] DEBUG -- :   [1m[35mSQL (0.4ms)[0m  [1m[33mUPDATE "channels" SET "language" = ?, "updated_at" = ? WHERE "channels"."id" = ?[0m  [["language", 1], ["updated_at", "2018-01-08 21:42:23.479754"], ["id", 1]]
D, [2018-01-08T22:42:23.486733 #26143] DEBUG -- :   [1m[35m (4.9ms)[0m  [1m[36mcommit transaction[0m
D, [2018-01-08T22:42:26.675486 #26143] DEBUG -- :   [1m[36mChannel Load (0.2ms)[0m  [1m[34mSELECT  "channels".* FROM "channels" WHERE "channels"."channel_id" = ? LIMIT ?[0m  [["channel_id", "96484791083364352"], ["LIMIT", 1]]
D, [2018-01-08T22:42:26.675926 #26143] DEBUG -- :   [1m[35m (0.1ms)[0m  [1m[36mbegin transaction[0m
D, [2018-01-08T22:42:26.676945 #26143] DEBUG -- :   [1m[35m (0.1ms)[0m  [1m[36mcommit transaction[0m
D, [2018-01-08T22:42:29.733649 #26143] DEBUG -- :   [1m[36mChannel Load (0.2ms)[0m  [1m[34mSELECT  "channels".* FROM "channels" WHERE "channels"."channel_id" = ? LIMIT ?[0m  [["channel_id", "96484791083364352"], ["LIMIT", 1]]
D, [2018-01-08T22:42:29.734242 #26143] DEBUG -- :   [1m[35m (0.2ms)[0m  [1m[36mbegin transaction[0m
D, [2018-01-08T22:42:29.736449 #26143] DEBUG -- :   [1m[35mSQL (0.4ms)[0m  [1m[33mUPDATE "channels" SET "language" = ?, "updated_at" = ? WHERE "channels"."id" = ?[0m  [["language", 0], ["updated_at", "2018-01-08 21:42:29.734770"], ["id", 1]]
D, [2018-01-08T22:42:29.740353 #26143] DEBUG -- :   [1m[35m (3.5ms)[0m  [1m[36mcommit transaction[0m
D, [2018-01-08T22:42:32.417685 #26143] DEBUG -- :   [1m[36mChannel Load (0.2ms)[0m  [1m[34mSELECT  "channels".* FROM "channels" WHERE "channels"."channel_id" = ? LIMIT ?[0m  [["channel_id", "96484791083364352"], ["LIMIT", 1]]
D, [2018-01-08T22:43:17.673576 #26321] DEBUG -- :   [1m[36mActiveRecord::InternalMetadata Load (0.2ms)[0m  [1m[34mSELECT  "ar_internal_metadata".* FROM "ar_internal_metadata" WHERE "ar_internal_metadata"."key" = ? LIMIT ?[0m  [["key", "environment"], ["LIMIT", 1]]
D, [2018-01-08T22:43:17.678362 #26321] DEBUG -- :   [1m[35m (0.0ms)[0m  [1m[36mbegin transaction[0m
D, [2018-01-08T22:43:17.679129 #26321] DEBUG -- :   [1m[35m (0.0ms)[0m  [1m[36mcommit transaction[0m
D, [2018-01-08T22:43:21.214343 #26321] DEBUG -- :   [1m[36mChannel Load (0.3ms)[0m  [1m[34mSELECT  "channels".* FROM "channels" WHERE "channels"."channel_id" = ? LIMIT ?[0m  [["channel_id", "96484791083364352"], ["LIMIT", 1]]
D, [2018-01-08T22:44:09.691052 #26495] DEBUG -- :   [1m[36mActiveRecord::InternalMetadata Load (0.2ms)[0m  [1m[34mSELECT  "ar_internal_metadata".* FROM "ar_internal_metadata" WHERE "ar_internal_metadata"."key" = ? LIMIT ?[0m  [["key", "environment"], ["LIMIT", 1]]
D, [2018-01-08T22:44:09.698533 #26495] DEBUG -- :   [1m[35m (0.1ms)[0m  [1m[36mbegin transaction[0m
D, [2018-01-08T22:44:09.699433 #26495] DEBUG -- :   [1m[35m (0.0ms)[0m  [1m[36mcommit transaction[0m
D, [2018-01-08T22:44:12.852547 #26495] DEBUG -- :   [1m[36mChannel Load (0.3ms)[0m  [1m[34mSELECT  "channels".* FROM "channels" WHERE "channels"."channel_id" = ? LIMIT ?[0m  [["channel_id", "96484791083364352"], ["LIMIT", 1]]
D, [2018-01-08T22:45:18.312925 #26701] DEBUG -- :   [1m[36mActiveRecord::InternalMetadata Load (0.2ms)[0m  [1m[34mSELECT  "ar_internal_metadata".* FROM "ar_internal_metadata" WHERE "ar_internal_metadata"."key" = ? LIMIT ?[0m  [["key", "environment"], ["LIMIT", 1]]
D, [2018-01-08T22:45:18.317483 #26701] DEBUG -- :   [1m[35m (0.0ms)[0m  [1m[36mbegin transaction[0m
D, [2018-01-08T22:45:18.318274 #26701] DEBUG -- :   [1m[35m (0.0ms)[0m  [1m[36mcommit transaction[0m
D, [2018-01-08T22:45:20.772484 #26701] DEBUG -- :   [1m[36mChannel Load (0.2ms)[0m  [1m[34mSELECT  "channels".* FROM "channels" WHERE "channels"."channel_id" = ? LIMIT ?[0m  [["channel_id", "96484791083364352"], ["LIMIT", 1]]
D, [2018-01-08T22:45:25.800276 #26701] DEBUG -- :   [1m[35m (0.1ms)[0m  [1m[36mbegin transaction[0m
D, [2018-01-08T22:45:25.804295 #26701] DEBUG -- :   [1m[35mSQL (0.6ms)[0m  [1m[33mUPDATE "channels" SET "language" = ?, "updated_at" = ? WHERE "channels"."id" = ?[0m  [["language", 1], ["updated_at", "2018-01-08 21:45:25.801213"], ["id", 1]]
D, [2018-01-08T22:45:25.809619 #26701] DEBUG -- :   [1m[35m (4.7ms)[0m  [1m[36mcommit transaction[0m
D, [2018-01-08T22:45:57.334895 #26806] DEBUG -- :   [1m[36mActiveRecord::InternalMetadata Load (0.2ms)[0m  [1m[34mSELECT  "ar_internal_metadata".* FROM "ar_internal_metadata" WHERE "ar_internal_metadata"."key" = ? LIMIT ?[0m  [["key", "environment"], ["LIMIT", 1]]
D, [2018-01-08T22:45:57.339475 #26806] DEBUG -- :   [1m[35m (0.1ms)[0m  [1m[36mbegin transaction[0m
D, [2018-01-08T22:45:57.340216 #26806] DEBUG -- :   [1m[35m (0.1ms)[0m  [1m[36mcommit transaction[0m
D, [2018-01-08T22:46:04.080895 #26806] DEBUG -- :   [1m[36mChannel Load (0.4ms)[0m  [1m[34mSELECT  "channels".* FROM "channels" WHERE "channels"."channel_id" = ? LIMIT ?[0m  [["channel_id", "96484791083364352"], ["LIMIT", 1]]
D, [2018-01-08T22:46:04.088610 #26806] DEBUG -- :   [1m[35m (0.1ms)[0m  [1m[36mbegin transaction[0m
D, [2018-01-08T22:46:04.089496 #26806] DEBUG -- :   [1m[35m (0.1ms)[0m  [1m[36mcommit transaction[0m
D, [2018-01-08T22:46:07.032194 #26806] DEBUG -- :   [1m[36mChannel Load (0.3ms)[0m  [1m[34mSELECT  "channels".* FROM "channels" WHERE "channels"."channel_id" = ? LIMIT ?[0m  [["channel_id", "96484791083364352"], ["LIMIT", 1]]
D, [2018-01-08T22:46:07.032650 #26806] DEBUG -- :   [1m[35m (0.1ms)[0m  [1m[36mbegin transaction[0m
D, [2018-01-08T22:46:07.034598 #26806] DEBUG -- :   [1m[35mSQL (0.2ms)[0m  [1m[33mUPDATE "channels" SET "language" = ?, "updated_at" = ? WHERE "channels"."id" = ?[0m  [["language", 0], ["updated_at", "2018-01-08 21:46:07.033200"], ["id", 1]]
D, [2018-01-08T22:46:07.039597 #26806] DEBUG -- :   [1m[35m (4.7ms)[0m  [1m[36mcommit transaction[0m
D, [2018-01-08T22:46:09.492643 #26806] DEBUG -- :   [1m[36mChannel Load (0.2ms)[0m  [1m[34mSELECT  "channels".* FROM "channels" WHERE "channels"."channel_id" = ? LIMIT ?[0m  [["channel_id", "96484791083364352"], ["LIMIT", 1]]
D, [2018-01-08T22:46:14.630428 #26806] DEBUG -- :   [1m[35m (0.1ms)[0m  [1m[36mbegin transaction[0m
D, [2018-01-08T22:46:14.632975 #26806] DEBUG -- :   [1m[35mSQL (0.4ms)[0m  [1m[33mUPDATE "channels" SET "language" = ?, "updated_at" = ? WHERE "channels"."id" = ?[0m  [["language", 1], ["updated_at", "2018-01-08 21:46:14.630998"], ["id", 1]]
D, [2018-01-08T22:46:14.638962 #26806] DEBUG -- :   [1m[35m (5.4ms)[0m  [1m[36mcommit transaction[0m
D, [2018-01-08T22:46:17.686663 #26806] DEBUG -- :   [1m[36mChannel Load (0.3ms)[0m  [1m[34mSELECT  "channels".* FROM "channels" WHERE "channels"."channel_id" = ? LIMIT ?[0m  [["channel_id", "96484791083364352"], ["LIMIT", 1]]
D, [2018-01-08T22:46:21.162805 #26806] DEBUG -- :   [1m[35m (0.2ms)[0m  [1m[36mbegin transaction[0m
D, [2018-01-08T22:46:21.164133 #26806] DEBUG -- :   [1m[35m (0.1ms)[0m  [1m[36mcommit transaction[0m
D, [2018-01-08T22:46:54.166106 #26806] DEBUG -- :   [1m[36mChannel Load (0.3ms)[0m  [1m[34mSELECT  "channels".* FROM "channels" WHERE "channels"."channel_id" = ? LIMIT ?[0m  [["channel_id", "96484791083364352"], ["LIMIT", 1]]
D, [2018-01-08T22:46:58.154675 #26806] DEBUG -- :   [1m[36mChannel Load (0.2ms)[0m  [1m[34mSELECT  "channels".* FROM "channels" WHERE "channels"."channel_id" = ? LIMIT ?[0m  [["channel_id", "96484791083364352"], ["LIMIT", 1]]
D, [2018-01-08T22:46:58.155222 #26806] DEBUG -- :   [1m[35m (0.2ms)[0m  [1m[36mbegin transaction[0m
D, [2018-01-08T22:46:58.157249 #26806] DEBUG -- :   [1m[35mSQL (0.4ms)[0m  [1m[33mUPDATE "channels" SET "language" = ?, "updated_at" = ? WHERE "channels"."id" = ?[0m  [["language", 0], ["updated_at", "2018-01-08 21:46:58.155655"], ["id", 1]]
D, [2018-01-08T22:46:58.162431 #26806] DEBUG -- :   [1m[35m (4.8ms)[0m  [1m[36mcommit transaction[0m
D, [2018-01-08T22:47:01.510580 #26806] DEBUG -- :   [1m[36mChannel Load (0.2ms)[0m  [1m[34mSELECT  "channels".* FROM "channels" WHERE "channels"."channel_id" = ? LIMIT ?[0m  [["channel_id", "96484791083364352"], ["LIMIT", 1]]
D, [2018-01-08T22:47:08.194910 #26806] DEBUG -- :   [1m[36mChannel Load (0.2ms)[0m  [1m[34mSELECT  "channels".* FROM "channels" WHERE "channels"."channel_id" = ? LIMIT ?[0m  [["channel_id", "96484791083364352"], ["LIMIT", 1]]
D, [2018-01-08T22:47:08.195420 #26806] DEBUG -- :   [1m[35m (0.1ms)[0m  [1m[36mbegin transaction[0m
D, [2018-01-08T22:47:08.197198 #26806] DEBUG -- :   [1m[35mSQL (0.3ms)[0m  [1m[33mUPDATE "channels" SET "language" = ?, "updated_at" = ? WHERE "channels"."id" = ?[0m  [["language", 1], ["updated_at", "2018-01-08 21:47:08.195861"], ["id", 1]]
D, [2018-01-08T22:47:08.202492 #26806] DEBUG -- :   [1m[35m (4.9ms)[0m  [1m[36mcommit transaction[0m
D, [2018-01-08T22:48:03.958282 #27316] DEBUG -- :   [1m[36mActiveRecord::InternalMetadata Load (0.2ms)[0m  [1m[34mSELECT  "ar_internal_metadata".* FROM "ar_internal_metadata" WHERE "ar_internal_metadata"."key" = ? LIMIT ?[0m  [["key", "environment"], ["LIMIT", 1]]
D, [2018-01-08T22:48:03.966707 #27316] DEBUG -- :   [1m[35m (0.1ms)[0m  [1m[36mbegin transaction[0m
D, [2018-01-08T22:48:03.967621 #27316] DEBUG -- :   [1m[35m (0.0ms)[0m  [1m[36mcommit transaction[0m
D, [2018-01-08T22:48:16.532222 #27360] DEBUG -- :   [1m[36mActiveRecord::InternalMetadata Load (0.1ms)[0m  [1m[34mSELECT  "ar_internal_metadata".* FROM "ar_internal_metadata" WHERE "ar_internal_metadata"."key" = ? LIMIT ?[0m  [["key", "environment"], ["LIMIT", 1]]
D, [2018-01-08T22:48:16.536272 #27360] DEBUG -- :   [1m[35m (0.0ms)[0m  [1m[36mbegin transaction[0m
D, [2018-01-08T22:48:16.537011 #27360] DEBUG -- :   [1m[35m (0.0ms)[0m  [1m[36mcommit transaction[0m
D, [2018-01-08T22:50:40.087902 #27710] DEBUG -- :   [1m[36mActiveRecord::InternalMetadata Load (0.1ms)[0m  [1m[34mSELECT  "ar_internal_metadata".* FROM "ar_internal_metadata" WHERE "ar_internal_metadata"."key" = ? LIMIT ?[0m  [["key", "environment"], ["LIMIT", 1]]
D, [2018-01-08T22:50:40.091962 #27710] DEBUG -- :   [1m[35m (0.0ms)[0m  [1m[36mbegin transaction[0m
D, [2018-01-08T22:50:40.092678 #27710] DEBUG -- :   [1m[35m (0.0ms)[0m  [1m[36mcommit transaction[0m
D, [2018-01-08T22:55:54.952429 #28665] DEBUG -- :   [1m[36mActiveRecord::InternalMetadata Load (0.2ms)[0m  [1m[34mSELECT  "ar_internal_metadata".* FROM "ar_internal_metadata" WHERE "ar_internal_metadata"."key" = ? LIMIT ?[0m  [["key", "environment"], ["LIMIT", 1]]
D, [2018-01-08T22:55:54.956757 #28665] DEBUG -- :   [1m[35m (0.0ms)[0m  [1m[36mbegin transaction[0m
D, [2018-01-08T22:55:54.957533 #28665] DEBUG -- :   [1m[35m (0.0ms)[0m  [1m[36mcommit transaction[0m
D, [2018-01-08T22:55:55.967213 #28665] DEBUG -- :   [1m[36mChannel Load (0.3ms)[0m  [1m[34mSELECT  "channels".* FROM "channels" WHERE "channels"."channel_id" = ? LIMIT ?[0m  [["channel_id", "96484791083364352"], ["LIMIT", 1]]
D, [2018-01-08T22:56:29.063765 #28839] DEBUG -- :   [1m[36mActiveRecord::InternalMetadata Load (0.2ms)[0m  [1m[34mSELECT  "ar_internal_metadata".* FROM "ar_internal_metadata" WHERE "ar_internal_metadata"."key" = ? LIMIT ?[0m  [["key", "environment"], ["LIMIT", 1]]
D, [2018-01-08T22:56:29.068048 #28839] DEBUG -- :   [1m[35m (0.0ms)[0m  [1m[36mbegin transaction[0m
D, [2018-01-08T22:56:29.068773 #28839] DEBUG -- :   [1m[35m (0.0ms)[0m  [1m[36mcommit transaction[0m
D, [2018-01-08T22:56:30.078516 #28839] DEBUG -- :   [1m[36mChannel Load (0.4ms)[0m  [1m[34mSELECT  "channels".* FROM "channels" WHERE "channels"."channel_id" = ? LIMIT ?[0m  [["channel_id", "96484791083364352"], ["LIMIT", 1]]
D, [2018-01-08T22:56:47.575038 #28867] DEBUG -- :   [1m[36mActiveRecord::InternalMetadata Load (0.2ms)[0m  [1m[34mSELECT  "ar_internal_metadata".* FROM "ar_internal_metadata" WHERE "ar_internal_metadata"."key" = ? LIMIT ?[0m  [["key", "environment"], ["LIMIT", 1]]
D, [2018-01-08T22:56:47.582943 #28867] DEBUG -- :   [1m[35m (0.1ms)[0m  [1m[36mbegin transaction[0m
D, [2018-01-08T22:56:47.583763 #28867] DEBUG -- :   [1m[35m (0.0ms)[0m  [1m[36mcommit transaction[0m
D, [2018-01-08T22:56:48.592514 #28867] DEBUG -- :   [1m[36mChannel Load (0.2ms)[0m  [1m[34mSELECT  "channels".* FROM "channels" WHERE "channels"."channel_id" = ? LIMIT ?[0m  [["channel_id", "96484791083364352"], ["LIMIT", 1]]
D, [2018-01-08T23:08:48.357055 #31198] DEBUG -- :   [1m[35m (0.1ms)[0m  [1m[34mSELECT sqlite_version(*)[0m
D, [2018-01-08T23:08:48.364087 #31198] DEBUG -- :   [1m[35m (6.8ms)[0m  [1m[35mCREATE TABLE "channels" ("id" INTEGER PRIMARY KEY AUTOINCREMENT NOT NULL, "channel_id" varchar, "language" integer DEFAULT 0 NOT NULL, "reminded_at" datetime, "created_at" datetime NOT NULL, "updated_at" datetime NOT NULL)[0m
D, [2018-01-08T23:08:48.369198 #31198] DEBUG -- :   [1m[35m (4.3ms)[0m  [1m[35mCREATE UNIQUE INDEX "index_channels_on_channel_id" ON "channels" ("channel_id")[0m
D, [2018-01-08T23:08:48.411095 #31198] DEBUG -- :   [1m[35m (4.8ms)[0m  [1m[35mCREATE TABLE "ar_internal_metadata" ("key" varchar NOT NULL PRIMARY KEY, "value" varchar, "created_at" datetime NOT NULL, "updated_at" datetime NOT NULL)[0m
D, [2018-01-08T23:08:48.421001 #31198] DEBUG -- :   [1m[36mActiveRecord::InternalMetadata Load (0.2ms)[0m  [1m[34mSELECT  "ar_internal_metadata".* FROM "ar_internal_metadata" WHERE "ar_internal_metadata"."key" = ? LIMIT ?[0m  [["key", "environment"], ["LIMIT", 1]]
D, [2018-01-08T23:08:48.426347 #31198] DEBUG -- :   [1m[35m (0.1ms)[0m  [1m[36mbegin transaction[0m
D, [2018-01-08T23:08:48.427793 #31198] DEBUG -- :   [1m[35mSQL (0.3ms)[0m  [1m[32mINSERT INTO "ar_internal_metadata" ("key", "value", "created_at", "updated_at") VALUES (?, ?, ?, ?)[0m  [["key", "environment"], ["value", "default_env"], ["created_at", "2018-01-08 22:08:48.426713"], ["updated_at", "2018-01-08 22:08:48.426713"]]
D, [2018-01-08T23:08:48.431125 #31198] DEBUG -- :   [1m[35m (3.1ms)[0m  [1m[36mcommit transaction[0m
D, [2018-01-08T23:08:51.224575 #31198] DEBUG -- :   [1m[36mChannel Load (0.5ms)[0m  [1m[34mSELECT  "channels".* FROM "channels" WHERE "channels"."channel_id" = ? LIMIT ?[0m  [["channel_id", "96484791083364352"], ["LIMIT", 1]]
D, [2018-01-08T23:08:51.235221 #31198] DEBUG -- :   [1m[35m (0.1ms)[0m  [1m[36mbegin transaction[0m
D, [2018-01-08T23:08:51.236218 #31198] DEBUG -- :   [1m[35mSQL (0.3ms)[0m  [1m[32mINSERT INTO "channels" ("channel_id", "created_at", "updated_at") VALUES (?, ?, ?)[0m  [["channel_id", "96484791083364352"], ["created_at", "2018-01-08 22:08:51.235383"], ["updated_at", "2018-01-08 22:08:51.235383"]]
D, [2018-01-08T23:08:51.241391 #31198] DEBUG -- :   [1m[35m (4.9ms)[0m  [1m[36mcommit transaction[0m
D, [2018-01-08T23:08:54.821919 #31198] DEBUG -- :   [1m[36mChannel Load (0.2ms)[0m  [1m[34mSELECT  "channels".* FROM "channels" WHERE "channels"."channel_id" = ? LIMIT ?[0m  [["channel_id", "96484791083364352"], ["LIMIT", 1]]
D, [2018-01-08T23:08:54.823514 #31198] DEBUG -- :   [1m[35m (0.1ms)[0m  [1m[36mbegin transaction[0m
D, [2018-01-08T23:08:54.825631 #31198] DEBUG -- :   [1m[35mSQL (0.4ms)[0m  [1m[33mUPDATE "channels" SET "language" = ?, "updated_at" = ? WHERE "channels"."id" = ?[0m  [["language", 1], ["updated_at", "2018-01-08 22:08:54.823968"], ["id", 1]]
D, [2018-01-08T23:08:54.832197 #31198] DEBUG -- :   [1m[35m (6.1ms)[0m  [1m[36mcommit transaction[0m
D, [2018-01-08T23:09:01.198154 #31198] DEBUG -- :   [1m[36mChannel Load (0.3ms)[0m  [1m[34mSELECT  "channels".* FROM "channels" WHERE "channels"."channel_id" = ? LIMIT ?[0m  [["channel_id", "96484791083364352"], ["LIMIT", 1]]
D, [2018-01-08T23:10:32.366526 #31571] DEBUG -- :   [1m[36mActiveRecord::InternalMetadata Load (0.2ms)[0m  [1m[34mSELECT  "ar_internal_metadata".* FROM "ar_internal_metadata" WHERE "ar_internal_metadata"."key" = ? LIMIT ?[0m  [["key", "environment"], ["LIMIT", 1]]
D, [2018-01-08T23:10:32.371076 #31571] DEBUG -- :   [1m[35m (0.0ms)[0m  [1m[36mbegin transaction[0m
D, [2018-01-08T23:10:32.371815 #31571] DEBUG -- :   [1m[35m (0.0ms)[0m  [1m[36mcommit transaction[0m
D, [2018-01-08T23:10:33.381511 #31571] DEBUG -- :   [1m[36mChannel Load (0.3ms)[0m  [1m[34mSELECT  "channels".* FROM "channels" WHERE "channels"."channel_id" = ? LIMIT ?[0m  [["channel_id", "96484791083364352"], ["LIMIT", 1]]
D, [2018-01-08T23:10:51.508663 #31599] DEBUG -- :   [1m[36mActiveRecord::InternalMetadata Load (0.1ms)[0m  [1m[34mSELECT  "ar_internal_metadata".* FROM "ar_internal_metadata" WHERE "ar_internal_metadata"."key" = ? LIMIT ?[0m  [["key", "environment"], ["LIMIT", 1]]
D, [2018-01-08T23:10:51.515971 #31599] DEBUG -- :   [1m[35m (0.1ms)[0m  [1m[36mbegin transaction[0m
D, [2018-01-08T23:10:51.516699 #31599] DEBUG -- :   [1m[35m (0.0ms)[0m  [1m[36mcommit transaction[0m
D, [2018-01-08T23:10:52.526118 #31599] DEBUG -- :   [1m[36mChannel Load (0.3ms)[0m  [1m[34mSELECT  "channels".* FROM "channels" WHERE "channels"."channel_id" = ? LIMIT ?[0m  [["channel_id", "96484791083364352"], ["LIMIT", 1]]
D, [2018-01-08T23:10:52.532192 #31599] DEBUG -- :   [1m[36mChannel Load (0.1ms)[0m  [1m[34mSELECT  "channels".* FROM "channels" WHERE "channels"."channel_id" = ? LIMIT ?[0m  [["channel_id", "96484791083364352"], ["LIMIT", 1]]
D, [2018-01-08T23:11:02.764206 #31599] DEBUG -- :   [1m[36mChannel Load (0.2ms)[0m  [1m[34mSELECT  "channels".* FROM "channels" WHERE "channels"."channel_id" = ? LIMIT ?[0m  [["channel_id", "96484791083364352"], ["LIMIT", 1]]
D, [2018-01-08T23:11:02.765437 #31599] DEBUG -- :   [1m[36mChannel Load (0.2ms)[0m  [1m[34mSELECT  "channels".* FROM "channels" WHERE "channels"."channel_id" = ? LIMIT ?[0m  [["channel_id", "96484791083364352"], ["LIMIT", 1]]
D, [2018-01-08T23:12:01.567381 #31846] DEBUG -- :   [1m[36mActiveRecord::InternalMetadata Load (0.2ms)[0m  [1m[34mSELECT  "ar_internal_metadata".* FROM "ar_internal_metadata" WHERE "ar_internal_metadata"."key" = ? LIMIT ?[0m  [["key", "environment"], ["LIMIT", 1]]
D, [2018-01-08T23:12:01.572116 #31846] DEBUG -- :   [1m[35m (0.0ms)[0m  [1m[36mbegin transaction[0m
D, [2018-01-08T23:12:01.572900 #31846] DEBUG -- :   [1m[35m (0.0ms)[0m  [1m[36mcommit transaction[0m
D, [2018-01-08T23:12:02.582490 #31846] DEBUG -- :   [1m[36mChannel Load (0.2ms)[0m  [1m[34mSELECT  "channels".* FROM "channels" WHERE "channels"."channel_id" = ? LIMIT ?[0m  [["channel_id", "96484791083364352"], ["LIMIT", 1]]
D, [2018-01-08T23:12:02.593008 #31846] DEBUG -- :   [1m[36mChannel Load (0.1ms)[0m  [1m[34mSELECT  "channels".* FROM "channels" WHERE "channels"."channel_id" = ? LIMIT ?[0m  [["channel_id", "96484791083364352"], ["LIMIT", 1]]
D, [2018-01-08T23:12:02.837317 #31846] DEBUG -- :   [1m[36mChannel Load (0.2ms)[0m  [1m[34mSELECT  "channels".* FROM "channels" WHERE "channels"."channel_id" = ? LIMIT ?[0m  [["channel_id", "96484791083364352"], ["LIMIT", 1]]
D, [2018-01-08T23:12:02.837782 #31846] DEBUG -- :   [1m[35m (0.1ms)[0m  [1m[36mbegin transaction[0m
D, [2018-01-08T23:12:02.840316 #31846] DEBUG -- :   [1m[35mSQL (0.4ms)[0m  [1m[33mUPDATE "channels" SET "reminded_at" = ?, "updated_at" = ? WHERE "channels"."id" = ?[0m  [["reminded_at", "2018-01-08 22:12:02.837522"], ["updated_at", "2018-01-08 22:12:02.838454"], ["id", 1]]
D, [2018-01-08T23:12:02.844333 #31846] DEBUG -- :   [1m[35m (3.5ms)[0m  [1m[36mcommit transaction[0m
D, [2018-01-08T23:12:12.846159 #31846] DEBUG -- :   [1m[36mChannel Load (0.3ms)[0m  [1m[34mSELECT  "channels".* FROM "channels" WHERE "channels"."channel_id" = ? LIMIT ?[0m  [["channel_id", "96484791083364352"], ["LIMIT", 1]]
D, [2018-01-08T23:12:22.848190 #31846] DEBUG -- :   [1m[36mChannel Load (0.3ms)[0m  [1m[34mSELECT  "channels".* FROM "channels" WHERE "channels"."channel_id" = ? LIMIT ?[0m  [["channel_id", "96484791083364352"], ["LIMIT", 1]]
D, [2018-01-08T23:25:26.651245 #1856] DEBUG -- :   [1m[36mActiveRecord::InternalMetadata Load (0.2ms)[0m  [1m[34mSELECT  "ar_internal_metadata".* FROM "ar_internal_metadata" WHERE "ar_internal_metadata"."key" = ? LIMIT ?[0m  [["key", "environment"], ["LIMIT", 1]]
D, [2018-01-08T23:25:26.655807 #1856] DEBUG -- :   [1m[35m (0.1ms)[0m  [1m[36mbegin transaction[0m
D, [2018-01-08T23:25:26.656639 #1856] DEBUG -- :   [1m[35m (0.0ms)[0m  [1m[36mcommit transaction[0m
D, [2018-01-08T23:25:31.352776 #1856] DEBUG -- :   [1m[36mChannel Load (0.3ms)[0m  [1m[34mSELECT  "channels".* FROM "channels" WHERE "channels"."channel_id" = ? LIMIT ?[0m  [["channel_id", "96484791083364352"], ["LIMIT", 1]]
D, [2018-01-08T23:25:41.084859 #1856] DEBUG -- :   [1m[36mChannel Load (0.3ms)[0m  [1m[34mSELECT  "channels".* FROM "channels" WHERE "channels"."channel_id" = ? LIMIT ?[0m  [["channel_id", "96484791083364352"], ["LIMIT", 1]]
D, [2018-01-08T23:25:41.085454 #1856] DEBUG -- :   [1m[35m (0.1ms)[0m  [1m[36mbegin transaction[0m
D, [2018-01-08T23:25:41.087212 #1856] DEBUG -- :   [1m[35m (0.1ms)[0m  [1m[36mcommit transaction[0m
D, [2018-01-08T23:25:45.070136 #1856] DEBUG -- :   [1m[36mChannel Load (0.2ms)[0m  [1m[34mSELECT  "channels".* FROM "channels" WHERE "channels"."channel_id" = ? LIMIT ?[0m  [["channel_id", "96484791083364352"], ["LIMIT", 1]]
D, [2018-01-08T23:26:11.785776 #2047] DEBUG -- :   [1m[36mActiveRecord::InternalMetadata Load (0.2ms)[0m  [1m[34mSELECT  "ar_internal_metadata".* FROM "ar_internal_metadata" WHERE "ar_internal_metadata"."key" = ? LIMIT ?[0m  [["key", "environment"], ["LIMIT", 1]]
D, [2018-01-08T23:26:11.789994 #2047] DEBUG -- :   [1m[35m (0.0ms)[0m  [1m[36mbegin transaction[0m
D, [2018-01-08T23:26:11.790832 #2047] DEBUG -- :   [1m[35m (0.0ms)[0m  [1m[36mcommit transaction[0m
D, [2018-01-08T23:26:15.123227 #2047] DEBUG -- :   [1m[36mChannel Load (0.1ms)[0m  [1m[34mSELECT  "channels".* FROM "channels" WHERE "channels"."channel_id" = ? LIMIT ?[0m  [["channel_id", "96484791083364352"], ["LIMIT", 1]]
D, [2018-01-08T23:26:21.548698 #2047] DEBUG -- :   [1m[36mChannel Load (0.3ms)[0m  [1m[34mSELECT  "channels".* FROM "channels" WHERE "channels"."channel_id" = ? LIMIT ?[0m  [["channel_id", "96484791083364352"], ["LIMIT", 1]]
D, [2018-01-08T23:27:14.372125 #2274] DEBUG -- :   [1m[36mActiveRecord::InternalMetadata Load (0.2ms)[0m  [1m[34mSELECT  "ar_internal_metadata".* FROM "ar_internal_metadata" WHERE "ar_internal_metadata"."key" = ? LIMIT ?[0m  [["key", "environment"], ["LIMIT", 1]]
D, [2018-01-08T23:27:14.377578 #2274] DEBUG -- :   [1m[35m (0.1ms)[0m  [1m[36mbegin transaction[0m
D, [2018-01-08T23:27:14.378549 #2274] DEBUG -- :   [1m[35m (0.0ms)[0m  [1m[36mcommit transaction[0m
D, [2018-01-08T23:27:18.141009 #2274] DEBUG -- :   [1m[36mChannel Load (0.2ms)[0m  [1m[34mSELECT  "channels".* FROM "channels" WHERE "channels"."channel_id" = ? LIMIT ?[0m  [["channel_id", "96484791083364352"], ["LIMIT", 1]]
D, [2018-01-08T23:27:21.524182 #2274] DEBUG -- :   [1m[36mChannel Load (0.3ms)[0m  [1m[34mSELECT  "channels".* FROM "channels" WHERE "channels"."channel_id" = ? LIMIT ?[0m  [["channel_id", "96484791083364352"], ["LIMIT", 1]]
D, [2018-01-08T23:30:03.734906 #2709] DEBUG -- :   [1m[36mActiveRecord::InternalMetadata Load (0.2ms)[0m  [1m[34mSELECT  "ar_internal_metadata".* FROM "ar_internal_metadata" WHERE "ar_internal_metadata"."key" = ? LIMIT ?[0m  [["key", "environment"], ["LIMIT", 1]]
D, [2018-01-08T23:30:03.739850 #2709] DEBUG -- :   [1m[35m (0.1ms)[0m  [1m[36mbegin transaction[0m
D, [2018-01-08T23:30:03.740659 #2709] DEBUG -- :   [1m[35m (0.0ms)[0m  [1m[36mcommit transaction[0m
D, [2018-01-08T23:30:06.377967 #2709] DEBUG -- :   [1m[36mChannel Load (0.3ms)[0m  [1m[34mSELECT  "channels".* FROM "channels" WHERE "channels"."channel_id" = ? LIMIT ?[0m  [["channel_id", "96484791083364352"], ["LIMIT", 1]]
D, [2018-01-08T23:30:12.487306 #2709] DEBUG -- :   [1m[36mChannel Load (0.2ms)[0m  [1m[34mSELECT  "channels".* FROM "channels" WHERE "channels"."channel_id" = ? LIMIT ?[0m  [["channel_id", "96484791083364352"], ["LIMIT", 1]]
D, [2018-01-08T23:44:18.069994 #5382] DEBUG -- :   [1m[36mActiveRecord::InternalMetadata Load (0.2ms)[0m  [1m[34mSELECT  "ar_internal_metadata".* FROM "ar_internal_metadata" WHERE "ar_internal_metadata"."key" = ? LIMIT ?[0m  [["key", "environment"], ["LIMIT", 1]]
D, [2018-01-08T23:44:18.075078 #5382] DEBUG -- :   [1m[35m (0.1ms)[0m  [1m[36mbegin transaction[0m
D, [2018-01-08T23:44:18.075952 #5382] DEBUG -- :   [1m[35m (0.0ms)[0m  [1m[36mcommit transaction[0m
D, [2018-01-08T23:44:20.327461 #5382] DEBUG -- :   [1m[36mChannel Load (0.4ms)[0m  [1m[34mSELECT  "channels".* FROM "channels" WHERE "channels"."channel_id" = ? LIMIT ?[0m  [["channel_id", "96484791083364352"], ["LIMIT", 1]]
D, [2018-01-08T23:44:27.446896 #5382] DEBUG -- :   [1m[36mChannel Load (0.2ms)[0m  [1m[34mSELECT  "channels".* FROM "channels" WHERE "channels"."channel_id" = ? LIMIT ?[0m  [["channel_id", "96484791083364352"], ["LIMIT", 1]]
D, [2018-01-08T23:45:31.845407 #5650] DEBUG -- :   [1m[36mActiveRecord::InternalMetadata Load (0.2ms)[0m  [1m[34mSELECT  "ar_internal_metadata".* FROM "ar_internal_metadata" WHERE "ar_internal_metadata"."key" = ? LIMIT ?[0m  [["key", "environment"], ["LIMIT", 1]]
D, [2018-01-08T23:45:31.849557 #5650] DEBUG -- :   [1m[35m (0.0ms)[0m  [1m[36mbegin transaction[0m
D, [2018-01-08T23:45:31.850356 #5650] DEBUG -- :   [1m[35m (0.0ms)[0m  [1m[36mcommit transaction[0m
D, [2018-01-08T23:49:58.664426 #5650] DEBUG -- :   [1m[36mChannel Load (0.2ms)[0m  [1m[34mSELECT  "channels".* FROM "channels" WHERE "channels"."channel_id" = ? LIMIT ?[0m  [["channel_id", "96484791083364352"], ["LIMIT", 1]]
D, [2018-01-08T23:50:03.368770 #6664] DEBUG -- :   [1m[36mActiveRecord::InternalMetadata Load (0.2ms)[0m  [1m[34mSELECT  "ar_internal_metadata".* FROM "ar_internal_metadata" WHERE "ar_internal_metadata"."key" = ? LIMIT ?[0m  [["key", "environment"], ["LIMIT", 1]]
D, [2018-01-08T23:50:03.373841 #6664] DEBUG -- :   [1m[35m (0.1ms)[0m  [1m[36mbegin transaction[0m
D, [2018-01-08T23:50:03.374820 #6664] DEBUG -- :   [1m[35m (0.0ms)[0m  [1m[36mcommit transaction[0m
D, [2018-01-08T23:50:23.030130 #6664] DEBUG -- :   [1m[36mChannel Load (0.3ms)[0m  [1m[34mSELECT  "channels".* FROM "channels" WHERE "channels"."channel_id" = ? LIMIT ?[0m  [["channel_id", "96484791083364352"], ["LIMIT", 1]]
D, [2018-01-08T23:51:05.320460 #6878] DEBUG -- :   [1m[36mActiveRecord::InternalMetadata Load (0.2ms)[0m  [1m[34mSELECT  "ar_internal_metadata".* FROM "ar_internal_metadata" WHERE "ar_internal_metadata"."key" = ? LIMIT ?[0m  [["key", "environment"], ["LIMIT", 1]]
D, [2018-01-08T23:51:05.325152 #6878] DEBUG -- :   [1m[35m (0.0ms)[0m  [1m[36mbegin transaction[0m
D, [2018-01-08T23:51:05.325910 #6878] DEBUG -- :   [1m[35m (0.0ms)[0m  [1m[36mcommit transaction[0m
D, [2018-01-08T23:51:59.170790 #6979] DEBUG -- :   [1m[36mActiveRecord::InternalMetadata Load (0.2ms)[0m  [1m[34mSELECT  "ar_internal_metadata".* FROM "ar_internal_metadata" WHERE "ar_internal_metadata"."key" = ? LIMIT ?[0m  [["key", "environment"], ["LIMIT", 1]]
D, [2018-01-08T23:51:59.175057 #6979] DEBUG -- :   [1m[35m (0.0ms)[0m  [1m[36mbegin transaction[0m
D, [2018-01-08T23:51:59.175826 #6979] DEBUG -- :   [1m[35m (0.0ms)[0m  [1m[36mcommit transaction[0m
D, [2018-01-08T23:52:10.114728 #6979] DEBUG -- :   [1m[36mChannel Load (0.3ms)[0m  [1m[34mSELECT  "channels".* FROM "channels" WHERE "channels"."channel_id" = ? LIMIT ?[0m  [["channel_id", "96484791083364352"], ["LIMIT", 1]]
D, [2018-01-08T23:52:12.063528 #6979] DEBUG -- :   [1m[36mChannel Load (0.2ms)[0m  [1m[34mSELECT  "channels".* FROM "channels" WHERE "channels"."channel_id" = ? LIMIT ?[0m  [["channel_id", "96484791083364352"], ["LIMIT", 1]]
D, [2018-01-08T23:53:41.172725 #7377] DEBUG -- :   [1m[36mActiveRecord::InternalMetadata Load (0.2ms)[0m  [1m[34mSELECT  "ar_internal_metadata".* FROM "ar_internal_metadata" WHERE "ar_internal_metadata"."key" = ? LIMIT ?[0m  [["key", "environment"], ["LIMIT", 1]]
D, [2018-01-08T23:53:41.177390 #7377] DEBUG -- :   [1m[35m (0.1ms)[0m  [1m[36mbegin transaction[0m
D, [2018-01-08T23:53:41.178309 #7377] DEBUG -- :   [1m[35m (0.0ms)[0m  [1m[36mcommit transaction[0m
D, [2018-01-08T23:53:44.468217 #7377] DEBUG -- :   [1m[36mChannel Load (0.2ms)[0m  [1m[34mSELECT  "channels".* FROM "channels" WHERE "channels"."channel_id" = ? LIMIT ?[0m  [["channel_id", "96484791083364352"], ["LIMIT", 1]]
D, [2018-01-08T23:53:47.604346 #7377] DEBUG -- :   [1m[36mChannel Load (0.1ms)[0m  [1m[34mSELECT  "channels".* FROM "channels" WHERE "channels"."channel_id" = ? LIMIT ?[0m  [["channel_id", "96484791083364352"], ["LIMIT", 1]]
D, [2018-01-08T23:53:47.604604 #7377] DEBUG -- :   [1m[35m (0.0ms)[0m  [1m[36mbegin transaction[0m
D, [2018-01-08T23:53:47.605899 #7377] DEBUG -- :   [1m[35mSQL (0.2ms)[0m  [1m[33mUPDATE "channels" SET "language" = ?, "updated_at" = ? WHERE "channels"."id" = ?[0m  [["language", 0], ["updated_at", "2018-01-08 22:53:47.604970"], ["id", 1]]
D, [2018-01-08T23:53:47.611265 #7377] DEBUG -- :   [1m[35m (4.8ms)[0m  [1m[36mcommit transaction[0m
D, [2018-01-08T23:54:16.013368 #7541] DEBUG -- :   [1m[36mActiveRecord::InternalMetadata Load (0.2ms)[0m  [1m[34mSELECT  "ar_internal_metadata".* FROM "ar_internal_metadata" WHERE "ar_internal_metadata"."key" = ? LIMIT ?[0m  [["key", "environment"], ["LIMIT", 1]]
D, [2018-01-08T23:54:16.018266 #7541] DEBUG -- :   [1m[35m (0.1ms)[0m  [1m[36mbegin transaction[0m
D, [2018-01-08T23:54:16.019159 #7541] DEBUG -- :   [1m[35m (0.0ms)[0m  [1m[36mcommit transaction[0m
D, [2018-01-08T23:54:21.294871 #7541] DEBUG -- :   [1m[36mChannel Load (0.2ms)[0m  [1m[34mSELECT  "channels".* FROM "channels" WHERE "channels"."channel_id" = ? LIMIT ?[0m  [["channel_id", "96484791083364352"], ["LIMIT", 1]]
D, [2018-01-08T23:54:25.867771 #7541] DEBUG -- :   [1m[36mChannel Load (0.2ms)[0m  [1m[34mSELECT  "channels".* FROM "channels" WHERE "channels"."channel_id" = ? LIMIT ?[0m  [["channel_id", "96484791083364352"], ["LIMIT", 1]]
D, [2018-01-08T23:54:25.868245 #7541] DEBUG -- :   [1m[35m (0.1ms)[0m  [1m[36mbegin transaction[0m
D, [2018-01-08T23:54:25.870463 #7541] DEBUG -- :   [1m[35mSQL (0.4ms)[0m  [1m[33mUPDATE "channels" SET "language" = ?, "updated_at" = ? WHERE "channels"."id" = ?[0m  [["language", 1], ["updated_at", "2018-01-08 22:54:25.868852"], ["id", 1]]
D, [2018-01-08T23:54:25.874322 #7541] DEBUG -- :   [1m[35m (3.4ms)[0m  [1m[36mcommit transaction[0m
D, [2018-01-08T23:54:28.652244 #7541] DEBUG -- :   [1m[36mChannel Load (0.2ms)[0m  [1m[34mSELECT  "channels".* FROM "channels" WHERE "channels"."channel_id" = ? LIMIT ?[0m  [["channel_id", "96484791083364352"], ["LIMIT", 1]]
D, [2018-01-08T23:56:30.472478 #7541] DEBUG -- :   [1m[36mChannel Load (0.2ms)[0m  [1m[34mSELECT  "channels".* FROM "channels" WHERE "channels"."channel_id" = ? LIMIT ?[0m  [["channel_id", "96484791083364352"], ["LIMIT", 1]]
D, [2018-01-08T23:57:06.089086 #8062] DEBUG -- :   [1m[36mActiveRecord::InternalMetadata Load (0.2ms)[0m  [1m[34mSELECT  "ar_internal_metadata".* FROM "ar_internal_metadata" WHERE "ar_internal_metadata"."key" = ? LIMIT ?[0m  [["key", "environment"], ["LIMIT", 1]]
D, [2018-01-08T23:57:06.093628 #8062] DEBUG -- :   [1m[35m (0.0ms)[0m  [1m[36mbegin transaction[0m
D, [2018-01-08T23:57:06.094466 #8062] DEBUG -- :   [1m[35m (0.0ms)[0m  [1m[36mcommit transaction[0m
D, [2018-01-08T23:57:09.065071 #8062] DEBUG -- :   [1m[36mChannel Load (0.3ms)[0m  [1m[34mSELECT  "channels".* FROM "channels" WHERE "channels"."channel_id" = ? LIMIT ?[0m  [["channel_id", "96484791083364352"], ["LIMIT", 1]]
D, [2018-01-08T23:57:32.737525 #8062] DEBUG -- :   [1m[36mChannel Load (0.4ms)[0m  [1m[34mSELECT  "channels".* FROM "channels" WHERE "channels"."channel_id" = ? LIMIT ?[0m  [["channel_id", "96484791083364352"], ["LIMIT", 1]]
D, [2018-01-08T23:57:32.738112 #8062] DEBUG -- :   [1m[35m (0.2ms)[0m  [1m[36mbegin transaction[0m
D, [2018-01-08T23:57:32.738990 #8062] DEBUG -- :   [1m[35m (0.1ms)[0m  [1m[36mcommit transaction[0m
D, [2018-01-08T23:57:35.793179 #8062] DEBUG -- :   [1m[36mChannel Load (0.3ms)[0m  [1m[34mSELECT  "channels".* FROM "channels" WHERE "channels"."channel_id" = ? LIMIT ?[0m  [["channel_id", "96484791083364352"], ["LIMIT", 1]]
D, [2018-01-08T23:58:47.919069 #8316] DEBUG -- :   [1m[36mActiveRecord::InternalMetadata Load (0.2ms)[0m  [1m[34mSELECT  "ar_internal_metadata".* FROM "ar_internal_metadata" WHERE "ar_internal_metadata"."key" = ? LIMIT ?[0m  [["key", "environment"], ["LIMIT", 1]]
D, [2018-01-08T23:58:47.923565 #8316] DEBUG -- :   [1m[35m (0.0ms)[0m  [1m[36mbegin transaction[0m
D, [2018-01-08T23:58:47.924422 #8316] DEBUG -- :   [1m[35m (0.0ms)[0m  [1m[36mcommit transaction[0m
D, [2018-01-08T23:58:50.927244 #8316] DEBUG -- :   [1m[36mChannel Load (0.3ms)[0m  [1m[34mSELECT  "channels".* FROM "channels" WHERE "channels"."channel_id" = ? LIMIT ?[0m  [["channel_id", "96484791083364352"], ["LIMIT", 1]]
D, [2018-01-08T23:58:53.439996 #8316] DEBUG -- :   [1m[36mChannel Load (0.2ms)[0m  [1m[34mSELECT  "channels".* FROM "channels" WHERE "channels"."channel_id" = ? LIMIT ?[0m  [["channel_id", "96484791083364352"], ["LIMIT", 1]]
D, [2018-01-08T23:58:55.803183 #8316] DEBUG -- :   [1m[36mChannel Load (0.2ms)[0m  [1m[34mSELECT  "channels".* FROM "channels" WHERE "channels"."channel_id" = ? LIMIT ?[0m  [["channel_id", "96484791083364352"], ["LIMIT", 1]]
D, [2018-01-09T00:02:22.787378 #9215] DEBUG -- :   [1m[36mActiveRecord::InternalMetadata Load (0.1ms)[0m  [1m[34mSELECT  "ar_internal_metadata".* FROM "ar_internal_metadata" WHERE "ar_internal_metadata"."key" = ? LIMIT ?[0m  [["key", "environment"], ["LIMIT", 1]]
D, [2018-01-09T00:02:22.791957 #9215] DEBUG -- :   [1m[35m (0.1ms)[0m  [1m[36mbegin transaction[0m
D, [2018-01-09T00:02:22.792711 #9215] DEBUG -- :   [1m[35m (0.0ms)[0m  [1m[36mcommit transaction[0m
D, [2018-01-09T00:08:30.079654 #10488] DEBUG -- :   [1m[36mActiveRecord::InternalMetadata Load (0.1ms)[0m  [1m[34mSELECT  "ar_internal_metadata".* FROM "ar_internal_metadata" WHERE "ar_internal_metadata"."key" = ? LIMIT ?[0m  [["key", "environment"], ["LIMIT", 1]]
D, [2018-01-09T00:08:30.084138 #10488] DEBUG -- :   [1m[35m (0.1ms)[0m  [1m[36mbegin transaction[0m
D, [2018-01-09T00:08:30.084930 #10488] DEBUG -- :   [1m[35m (0.0ms)[0m  [1m[36mcommit transaction[0m
D, [2018-01-09T00:08:50.459923 #10514] DEBUG -- :   [1m[36mActiveRecord::InternalMetadata Load (0.2ms)[0m  [1m[34mSELECT  "ar_internal_metadata".* FROM "ar_internal_metadata" WHERE "ar_internal_metadata"."key" = ? LIMIT ?[0m  [["key", "environment"], ["LIMIT", 1]]
D, [2018-01-09T00:08:50.464822 #10514] DEBUG -- :   [1m[35m (0.1ms)[0m  [1m[36mbegin transaction[0m
D, [2018-01-09T00:08:50.465640 #10514] DEBUG -- :   [1m[35m (0.0ms)[0m  [1m[36mcommit transaction[0m
D, [2018-01-09T00:12:00.011341 #11104] DEBUG -- :   [1m[36mActiveRecord::InternalMetadata Load (0.2ms)[0m  [1m[34mSELECT  "ar_internal_metadata".* FROM "ar_internal_metadata" WHERE "ar_internal_metadata"."key" = ? LIMIT ?[0m  [["key", "environment"], ["LIMIT", 1]]
D, [2018-01-09T00:12:00.019001 #11104] DEBUG -- :   [1m[35m (0.1ms)[0m  [1m[36mbegin transaction[0m
D, [2018-01-09T00:12:00.019791 #11104] DEBUG -- :   [1m[35m (0.0ms)[0m  [1m[36mcommit transaction[0m
D, [2018-01-09T00:13:02.299356 #11310] DEBUG -- :   [1m[36mActiveRecord::InternalMetadata Load (0.2ms)[0m  [1m[34mSELECT  "ar_internal_metadata".* FROM "ar_internal_metadata" WHERE "ar_internal_metadata"."key" = ? LIMIT ?[0m  [["key", "environment"], ["LIMIT", 1]]
D, [2018-01-09T00:13:02.303805 #11310] DEBUG -- :   [1m[35m (0.1ms)[0m  [1m[36mbegin transaction[0m
D, [2018-01-09T00:13:02.304643 #11310] DEBUG -- :   [1m[35m (0.0ms)[0m  [1m[36mcommit transaction[0m
D, [2018-01-09T00:15:07.333207 #11786] DEBUG -- :   [1m[36mActiveRecord::InternalMetadata Load (0.2ms)[0m  [1m[34mSELECT  "ar_internal_metadata".* FROM "ar_internal_metadata" WHERE "ar_internal_metadata"."key" = ? LIMIT ?[0m  [["key", "environment"], ["LIMIT", 1]]
D, [2018-01-09T00:15:07.338430 #11786] DEBUG -- :   [1m[35m (0.1ms)[0m  [1m[36mbegin transaction[0m
D, [2018-01-09T00:15:07.339385 #11786] DEBUG -- :   [1m[35m (0.0ms)[0m  [1m[36mcommit transaction[0m
D, [2018-01-09T00:15:56.269807 #11897] DEBUG -- :   [1m[36mActiveRecord::InternalMetadata Load (0.1ms)[0m  [1m[34mSELECT  "ar_internal_metadata".* FROM "ar_internal_metadata" WHERE "ar_internal_metadata"."key" = ? LIMIT ?[0m  [["key", "environment"], ["LIMIT", 1]]
D, [2018-01-09T00:15:56.274402 #11897] DEBUG -- :   [1m[35m (0.0ms)[0m  [1m[36mbegin transaction[0m
D, [2018-01-09T00:15:56.275213 #11897] DEBUG -- :   [1m[35m (0.0ms)[0m  [1m[36mcommit transaction[0m
D, [2018-01-09T00:16:14.832181 #12047] DEBUG -- :   [1m[36mActiveRecord::InternalMetadata Load (0.2ms)[0m  [1m[34mSELECT  "ar_internal_metadata".* FROM "ar_internal_metadata" WHERE "ar_internal_metadata"."key" = ? LIMIT ?[0m  [["key", "environment"], ["LIMIT", 1]]
D, [2018-01-09T00:16:14.836715 #12047] DEBUG -- :   [1m[35m (0.0ms)[0m  [1m[36mbegin transaction[0m
D, [2018-01-09T00:16:14.837415 #12047] DEBUG -- :   [1m[35m (0.0ms)[0m  [1m[36mcommit transaction[0m
D, [2018-01-09T00:17:01.194869 #12163] DEBUG -- :   [1m[36mActiveRecord::InternalMetadata Load (0.2ms)[0m  [1m[34mSELECT  "ar_internal_metadata".* FROM "ar_internal_metadata" WHERE "ar_internal_metadata"."key" = ? LIMIT ?[0m  [["key", "environment"], ["LIMIT", 1]]
D, [2018-01-09T00:17:01.199646 #12163] DEBUG -- :   [1m[35m (0.0ms)[0m  [1m[36mbegin transaction[0m
D, [2018-01-09T00:17:01.200478 #12163] DEBUG -- :   [1m[35m (0.0ms)[0m  [1m[36mcommit transaction[0m
D, [2018-01-09T00:17:23.205785 #12303] DEBUG -- :   [1m[36mActiveRecord::InternalMetadata Load (0.1ms)[0m  [1m[34mSELECT  "ar_internal_metadata".* FROM "ar_internal_metadata" WHERE "ar_internal_metadata"."key" = ? LIMIT ?[0m  [["key", "environment"], ["LIMIT", 1]]
D, [2018-01-09T00:17:23.210159 #12303] DEBUG -- :   [1m[35m (0.0ms)[0m  [1m[36mbegin transaction[0m
D, [2018-01-09T00:17:23.210875 #12303] DEBUG -- :   [1m[35m (0.0ms)[0m  [1m[36mcommit transaction[0m
D, [2018-01-09T00:17:27.479212 #12303] DEBUG -- :   [1m[36mChannel Load (0.5ms)[0m  [1m[34mSELECT  "channels".* FROM "channels" WHERE "channels"."channel_id" = ? LIMIT ?[0m  [["channel_id", "96484791083364352"], ["LIMIT", 1]]
D, [2018-01-09T00:17:33.588392 #12303] DEBUG -- :   [1m[35m (0.1ms)[0m  [1m[36mbegin transaction[0m
D, [2018-01-09T00:17:33.590174 #12303] DEBUG -- :   [1m[35m (0.1ms)[0m  [1m[36mcommit transaction[0m
D, [2018-01-09T00:19:43.363032 #12832] DEBUG -- :   [1m[36mActiveRecord::InternalMetadata Load (0.2ms)[0m  [1m[34mSELECT  "ar_internal_metadata".* FROM "ar_internal_metadata" WHERE "ar_internal_metadata"."key" = ? LIMIT ?[0m  [["key", "environment"], ["LIMIT", 1]]
D, [2018-01-09T00:19:43.367400 #12832] DEBUG -- :   [1m[35m (0.0ms)[0m  [1m[36mbegin transaction[0m
D, [2018-01-09T00:19:43.368142 #12832] DEBUG -- :   [1m[35m (0.0ms)[0m  [1m[36mcommit transaction[0m
D, [2018-01-09T00:22:01.917565 #13237] DEBUG -- :   [1m[36mActiveRecord::InternalMetadata Load (0.2ms)[0m  [1m[34mSELECT  "ar_internal_metadata".* FROM "ar_internal_metadata" WHERE "ar_internal_metadata"."key" = ? LIMIT ?[0m  [["key", "environment"], ["LIMIT", 1]]
D, [2018-01-09T00:22:01.922089 #13237] DEBUG -- :   [1m[35m (0.0ms)[0m  [1m[36mbegin transaction[0m
D, [2018-01-09T00:22:01.922964 #13237] DEBUG -- :   [1m[35m (0.0ms)[0m  [1m[36mcommit transaction[0m
D, [2018-01-09T00:22:26.057130 #13395] DEBUG -- :   [1m[36mActiveRecord::InternalMetadata Load (0.2ms)[0m  [1m[34mSELECT  "ar_internal_metadata".* FROM "ar_internal_metadata" WHERE "ar_internal_metadata"."key" = ? LIMIT ?[0m  [["key", "environment"], ["LIMIT", 1]]
D, [2018-01-09T00:22:26.061635 #13395] DEBUG -- :   [1m[35m (0.0ms)[0m  [1m[36mbegin transaction[0m
D, [2018-01-09T00:22:26.062459 #13395] DEBUG -- :   [1m[35m (0.0ms)[0m  [1m[36mcommit transaction[0m
D, [2018-01-09T00:22:36.819013 #13438] DEBUG -- :   [1m[36mActiveRecord::InternalMetadata Load (0.2ms)[0m  [1m[34mSELECT  "ar_internal_metadata".* FROM "ar_internal_metadata" WHERE "ar_internal_metadata"."key" = ? LIMIT ?[0m  [["key", "environment"], ["LIMIT", 1]]
D, [2018-01-09T00:22:36.823681 #13438] DEBUG -- :   [1m[35m (0.0ms)[0m  [1m[36mbegin transaction[0m
D, [2018-01-09T00:22:36.824403 #13438] DEBUG -- :   [1m[35m (0.0ms)[0m  [1m[36mcommit transaction[0m
D, [2018-01-09T00:23:06.138253 #13612] DEBUG -- :   [1m[36mActiveRecord::InternalMetadata Load (0.2ms)[0m  [1m[34mSELECT  "ar_internal_metadata".* FROM "ar_internal_metadata" WHERE "ar_internal_metadata"."key" = ? LIMIT ?[0m  [["key", "environment"], ["LIMIT", 1]]
D, [2018-01-09T00:23:06.146633 #13612] DEBUG -- :   [1m[35m (0.1ms)[0m  [1m[36mbegin transaction[0m
D, [2018-01-09T00:23:06.147488 #13612] DEBUG -- :   [1m[35m (0.0ms)[0m  [1m[36mcommit transaction[0m
D, [2018-01-09T00:25:40.266925 #14143] DEBUG -- :   [1m[36mActiveRecord::InternalMetadata Load (0.2ms)[0m  [1m[34mSELECT  "ar_internal_metadata".* FROM "ar_internal_metadata" WHERE "ar_internal_metadata"."key" = ? LIMIT ?[0m  [["key", "environment"], ["LIMIT", 1]]
D, [2018-01-09T00:25:40.271513 #14143] DEBUG -- :   [1m[35m (0.1ms)[0m  [1m[36mbegin transaction[0m
D, [2018-01-09T00:25:40.272298 #14143] DEBUG -- :   [1m[35m (0.0ms)[0m  [1m[36mcommit transaction[0m
D, [2018-01-09T00:28:05.209208 #14632] DEBUG -- :   [1m[36mActiveRecord::InternalMetadata Load (0.2ms)[0m  [1m[34mSELECT  "ar_internal_metadata".* FROM "ar_internal_metadata" WHERE "ar_internal_metadata"."key" = ? LIMIT ?[0m  [["key", "environment"], ["LIMIT", 1]]
D, [2018-01-09T00:28:05.213959 #14632] DEBUG -- :   [1m[35m (0.1ms)[0m  [1m[36mbegin transaction[0m
D, [2018-01-09T00:28:05.214889 #14632] DEBUG -- :   [1m[35m (0.0ms)[0m  [1m[36mcommit transaction[0m
D, [2018-01-09T00:30:04.610588 #14993] DEBUG -- :   [1m[36mActiveRecord::InternalMetadata Load (0.2ms)[0m  [1m[34mSELECT  "ar_internal_metadata".* FROM "ar_internal_metadata" WHERE "ar_internal_metadata"."key" = ? LIMIT ?[0m  [["key", "environment"], ["LIMIT", 1]]
D, [2018-01-09T00:30:04.615412 #14993] DEBUG -- :   [1m[35m (0.1ms)[0m  [1m[36mbegin transaction[0m
D, [2018-01-09T00:30:04.616286 #14993] DEBUG -- :   [1m[35m (0.0ms)[0m  [1m[36mcommit transaction[0m
D, [2018-01-09T00:31:30.825766 #15268] DEBUG -- :   [1m[36mActiveRecord::InternalMetadata Load (0.2ms)[0m  [1m[34mSELECT  "ar_internal_metadata".* FROM "ar_internal_metadata" WHERE "ar_internal_metadata"."key" = ? LIMIT ?[0m  [["key", "environment"], ["LIMIT", 1]]
D, [2018-01-09T00:31:30.830225 #15268] DEBUG -- :   [1m[35m (0.1ms)[0m  [1m[36mbegin transaction[0m
D, [2018-01-09T00:31:30.831123 #15268] DEBUG -- :   [1m[35m (0.0ms)[0m  [1m[36mcommit transaction[0m
D, [2018-01-09T00:31:40.848621 #15291] DEBUG -- :   [1m[36mActiveRecord::InternalMetadata Load (0.2ms)[0m  [1m[34mSELECT  "ar_internal_metadata".* FROM "ar_internal_metadata" WHERE "ar_internal_metadata"."key" = ? LIMIT ?[0m  [["key", "environment"], ["LIMIT", 1]]
D, [2018-01-09T00:31:40.856366 #15291] DEBUG -- :   [1m[35m (0.1ms)[0m  [1m[36mbegin transaction[0m
D, [2018-01-09T00:31:40.857166 #15291] DEBUG -- :   [1m[35m (0.0ms)[0m  [1m[36mcommit transaction[0m
D, [2018-01-09T00:32:46.814415 #15523] DEBUG -- :   [1m[36mActiveRecord::InternalMetadata Load (0.1ms)[0m  [1m[34mSELECT  "ar_internal_metadata".* FROM "ar_internal_metadata" WHERE "ar_internal_metadata"."key" = ? LIMIT ?[0m  [["key", "environment"], ["LIMIT", 1]]
D, [2018-01-09T00:32:46.818690 #15523] DEBUG -- :   [1m[35m (0.0ms)[0m  [1m[36mbegin transaction[0m
D, [2018-01-09T00:32:46.819489 #15523] DEBUG -- :   [1m[35m (0.0ms)[0m  [1m[36mcommit transaction[0m
